<?xml version="1.0" encoding="UTF-8"?>
<testng-results skipped="0" failed="0" total="1" passed="1">
  <reporter-output>
  </reporter-output>
  <suite name="Framework" duration-ms="13498" started-at="2023-08-11T11:45:09Z" finished-at="2023-08-11T11:45:23Z">
    <groups>
    </groups>
    <test name="BankingApp Test" duration-ms="13498" started-at="2023-08-11T11:45:09Z" finished-at="2023-08-11T11:45:23Z">
      <class name="com.framework.testCases.TC_Login_01">
        <test-method status="PASS" signature="setUp(java.lang.String)[pri:0, instance:com.framework.testCases.TC_Login_01@62043840]" name="setUp" is-config="true" duration-ms="6046" started-at="2023-08-11T17:15:09Z" finished-at="2023-08-11T17:15:15Z">
          <params>
            <param index="0">
              <value>
                <![CDATA[chrome]]>
              </value>
            </param>
          </params>
          <reporter-output>
          </reporter-output>
        </test-method> <!-- setUp -->
        <test-method status="PASS" signature="loginTest()[pri:0, instance:com.framework.testCases.TC_Login_01@62043840]" name="loginTest" duration-ms="6555" started-at="2023-08-11T17:15:15Z" finished-at="2023-08-11T17:15:22Z">
          <reporter-output>
          </reporter-output>
        </test-method> <!-- loginTest -->
        <test-method status="PASS" signature="tearDown()[pri:0, instance:com.framework.testCases.TC_Login_01@62043840]" name="tearDown" is-config="true" duration-ms="631" started-at="2023-08-11T17:15:22Z" finished-at="2023-08-11T17:15:23Z">
          <reporter-output>
          </reporter-output>
        </test-method> <!-- tearDown -->
      </class> <!-- com.framework.testCases.TC_Login_01 -->
    </test> <!-- BankingApp Test -->
  </suite> <!-- Framework -->
</testng-results>
